Loaded module: julia/1.11.5
WARNING: using HyperTuning.parameters in module Main conflicts with an existing identifier.
  Activating project at `~/speciale/discovering_hidden_physics/scripts`
┌ Warning: To maintain consistency with solution indexing, keyword argument vars will be removed in a future version. Please use keyword argument idxs instead.
│   caller = ip:0x0
└ @ Core :-1
ERROR: LoadError: TaskFailedException

    nested task error: UndefVarError: `run` not defined in local scope
    Suggestion: check for an assignment to a local variable that shadows a global of the same name.
    Hint: a global variable of this name also exists in Base.
    Stacktrace:
     [1] hypertuning_objective(trial::HyperTuning.Trial{Int64})
       @ Main ~/speciale/discovering_hidden_physics/scripts/LV/LV_SINDy.jl:103
     [2] evaluate_trial!(f::typeof(hypertuning_objective), trial::HyperTuning.Trial{Int64}, verbose::Bool)
       @ HyperTuning ~/.julia/packages/HyperTuning/7Qthr/src/evaluator/sequential.jl:5
     [3] macro expansion
       @ ~/.julia/packages/HyperTuning/7Qthr/src/evaluator/threads.jl:6 [inlined]
     [4] #51#threadsfor_fun#63
       @ ./threadingconstructs.jl:253 [inlined]
     [5] #51#threadsfor_fun
       @ ./threadingconstructs.jl:220 [inlined]
     [6] (::Base.Threads.var"#1#2"{HyperTuning.var"#51#threadsfor_fun#64"{HyperTuning.var"#51#threadsfor_fun#63#65"{typeof(hypertuning_objective), Vector{HyperTuning.Trial}, Bool, Base.OneTo{Int64}}}, Int64})()
       @ Base.Threads ./threadingconstructs.jl:154
Stacktrace:
 [1] threading_run(fun::HyperTuning.var"#51#threadsfor_fun#64"{HyperTuning.var"#51#threadsfor_fun#63#65"{typeof(hypertuning_objective), Vector{HyperTuning.Trial}, Bool, Base.OneTo{Int64}}}, static::Bool)
   @ Base.Threads ./threadingconstructs.jl:173
 [2] macro expansion
   @ ./threadingconstructs.jl:190 [inlined]
 [3] evaluate_objective_threads(f::Function, scenario::Scenario)
   @ HyperTuning ~/.julia/packages/HyperTuning/7Qthr/src/evaluator/threads.jl:5
 [4] evaluate_objective
   @ ~/.julia/packages/HyperTuning/7Qthr/src/evaluator/evaluate_objective.jl:8 [inlined]
 [5] optimize!(f::Function, scenario::Scenario)
   @ HyperTuning ~/.julia/packages/HyperTuning/7Qthr/src/optimize.jl:29
 [6] optimize(f::Function, scenario::Scenario)
   @ HyperTuning ~/.julia/packages/HyperTuning/7Qthr/src/optimize.jl:47
 [7] top-level scope
   @ ~/speciale/discovering_hidden_physics/scripts/LV/LV_SINDy.jl:121
in expression starting at /zhome/12/0/147154/speciale/discovering_hidden_physics/scripts/LV/LV_SINDy.jl:121
